5.02100e+05 4.00000e+00
5.02200e+05 4.00000e+00
5.02300e+05 4.00000e+00
5.03100e+05 4.00000e+00
5.03200e+05 4.00000e+00
5.03300e+05 4.00000e+00
5.04100e+05 4.00000e+00
5.04200e+05 4.00000e+00
5.04300e+05 4.00000e+00
5.05100e+05 4.00000e+00
5.05200e+05 4.00000e+00
5.05300e+05 4.00000e+00
5.06100e+05 4.00000e+00
5.06200e+05 4.00000e+00
5.06300e+05 4.00000e+00
5.07100e+05 4.00000e+00
5.07200e+05 4.00000e+00
5.07300e+05 4.00000e+00
5.08100e+05 4.00000e+00
5.08200e+05 4.00000e+00
5.08300e+05 4.00000e+00
5.09100e+05 4.00000e+00
5.09200e+05 4.00000e+00
5.09300e+05 4.00000e+00
5.10100e+05 4.00000e+00
5.10200e+05 4.00000e+00
5.10300e+05 4.00000e+00
5.11100e+05 4.00000e+00
5.11200e+05 4.00000e+00
5.11300e+05 4.00000e+00
6.01100e+05 4.00000e+00
6.01200e+05 4.00000e+00
6.01300e+05 4.00000e+00
6.01400e+05 4.00000e+00
6.02100e+05 4.00000e+00
6.02200e+05 4.00000e+00
6.02300e+05 4.00000e+00
6.02400e+05 4.00000e+00
6.03100e+05 4.00000e+00
6.03200e+05 4.00000e+00
6.03300e+05 4.00000e+00
6.03400e+05 4.00000e+00
6.04100e+05 4.00000e+00
6.04200e+05 4.00000e+00
6.04300e+05 4.00000e+00
6.04400e+05 4.00000e+00
6.05100e+05 4.00000e+00
6.05200e+05 4.00000e+00
6.05300e+05 4.00000e+00
6.05400e+05 4.00000e+00
6.06100e+05 4.00000e+00
6.06200e+05 4.00000e+00
6.06300e+05 4.00000e+00
6.06400e+05 4.00000e+00
6.07100e+05 4.00000e+00
6.07200e+05 4.00000e+00
6.07300e+05 4.00000e+00
6.07400e+05 4.00000e+00
6.08100e+05 4.00000e+00
6.08200e+05 4.00000e+00
6.08300e+05 4.00000e+00
6.08400e+05 4.00000e+00
6.09100e+05 4.00000e+00
6.09200e+05 4.00000e+00
6.09300e+05 4.00000e+00
6.09400e+05 4.00000e+00
6.10100e+05 4.00000e+00
6.10200e+05 4.00000e+00
6.10300e+05 4.00000e+00
6.10400e+05 4.00000e+00
7.02101e+05 3.00000e+00
7.02102e+05 3.00000e+00
7.02103e+05 3.00000e+00
7.02104e+05 3.00000e+00
7.02105e+05 3.00000e+00
7.02106e+05 3.00000e+00
7.02107e+05 3.00000e+00
7.02108e+05 3.00000e+00
7.02201e+05 3.00000e+00
7.02202e+05 3.00000e+00
7.02203e+05 3.00000e+00
7.02204e+05 3.00000e+00
7.02205e+05 3.00000e+00
7.02206e+05 3.00000e+00
7.02207e+05 3.00000e+00
7.02208e+05 3.00000e+00
7.02301e+05 3.00000e+00
7.02302e+05 3.00000e+00
7.02303e+05 3.00000e+00
7.02304e+05 3.00000e+00
7.02305e+05 3.00000e+00
7.02306e+05 3.00000e+00
7.02307e+05 3.00000e+00
7.02308e+05 3.00000e+00
7.02401e+05 3.00000e+00
7.02402e+05 3.00000e+00
7.02403e+05 3.00000e+00
7.02404e+05 3.00000e+00
7.02405e+05 3.00000e+00
7.02406e+05 3.00000e+00
7.02407e+05 3.00000e+00
7.02408e+05 3.00000e+00
7.03101e+05 3.00000e+00
7.03102e+05 3.00000e+00
7.03103e+05 3.00000e+00
7.03104e+05 3.00000e+00
7.03105e+05 3.00000e+00
7.03106e+05 3.00000e+00
7.03107e+05 3.00000e+00
7.03108e+05 3.00000e+00
7.03201e+05 3.00000e+00
7.03202e+05 3.00000e+00
7.03203e+05 3.00000e+00
7.03204e+05 3.00000e+00
7.03205e+05 3.00000e+00
7.03206e+05 3.00000e+00
7.03207e+05 3.00000e+00
7.03208e+05 3.00000e+00
7.03301e+05 3.00000e+00
7.03302e+05 3.00000e+00
7.03303e+05 3.00000e+00
7.03304e+05 3.00000e+00
7.03305e+05 3.00000e+00
7.03306e+05 3.00000e+00
7.03307e+05 3.00000e+00
7.03308e+05 3.00000e+00
7.03401e+05 3.00000e+00
7.03402e+05 3.00000e+00
7.03403e+05 3.00000e+00
7.03404e+05 3.00000e+00
7.03405e+05 3.00000e+00
7.03406e+05 3.00000e+00
7.03407e+05 3.00000e+00
7.03408e+05 3.00000e+00
7.04101e+05 3.00000e+00
7.04102e+05 3.00000e+00
7.04103e+05 3.00000e+00
7.04104e+05 3.00000e+00
7.04105e+05 3.00000e+00
7.04106e+05 3.00000e+00
7.04107e+05 3.00000e+00
7.04108e+05 3.00000e+00
7.04201e+05 3.00000e+00
7.04202e+05 3.00000e+00
7.04203e+05 3.00000e+00
7.04204e+05 3.00000e+00
7.04205e+05 3.00000e+00
7.04206e+05 3.00000e+00
7.04207e+05 3.00000e+00
7.04208e+05 3.00000e+00
7.04301e+05 3.00000e+00
7.04302e+05 3.00000e+00
7.04303e+05 3.00000e+00
7.04304e+05 3.00000e+00
7.04305e+05 3.00000e+00
7.04306e+05 3.00000e+00
7.04307e+05 3.00000e+00
7.04308e+05 3.00000e+00
7.04401e+05 3.00000e+00
7.04402e+05 3.00000e+00
7.04403e+05 3.00000e+00
7.04404e+05 3.00000e+00
7.04405e+05 3.00000e+00
7.04406e+05 3.00000e+00
7.04407e+05 3.00000e+00
7.04408e+05 3.00000e+00
7.05101e+05 3.00000e+00
7.05102e+05 3.00000e+00
7.05103e+05 3.00000e+00
7.05104e+05 3.00000e+00
7.05105e+05 3.00000e+00
7.05106e+05 3.00000e+00
7.05107e+05 3.00000e+00
7.05108e+05 3.00000e+00
7.05201e+05 3.00000e+00
7.05202e+05 3.00000e+00
7.05203e+05 3.00000e+00
7.05204e+05 3.00000e+00
7.05205e+05 3.00000e+00
7.05206e+05 3.00000e+00
7.05207e+05 3.00000e+00
7.05208e+05 3.00000e+00
7.05301e+05 3.00000e+00
7.05302e+05 3.00000e+00
7.05303e+05 3.00000e+00
7.05304e+05 3.00000e+00
7.05305e+05 3.00000e+00
7.05306e+05 3.00000e+00
7.05307e+05 3.00000e+00
7.05308e+05 3.00000e+00
7.05401e+05 3.00000e+00
7.05402e+05 3.00000e+00
7.05403e+05 3.00000e+00
7.05404e+05 3.00000e+00
7.05405e+05 3.00000e+00
7.05406e+05 3.00000e+00
7.05407e+05 3.00000e+00
7.05408e+05 3.00000e+00
7.06101e+05 3.00000e+00
7.06102e+05 3.00000e+00
7.06103e+05 3.00000e+00
7.06104e+05 3.00000e+00
7.06105e+05 3.00000e+00
7.06106e+05 3.00000e+00
7.06107e+05 3.00000e+00
7.06108e+05 3.00000e+00
7.06201e+05 3.00000e+00
7.06202e+05 3.00000e+00
7.06203e+05 3.00000e+00
7.06204e+05 3.00000e+00
7.06205e+05 3.00000e+00
7.06206e+05 3.00000e+00
7.06207e+05 3.00000e+00
7.06208e+05 3.00000e+00
7.06301e+05 3.00000e+00
7.06302e+05 3.00000e+00
7.06303e+05 3.00000e+00
7.06304e+05 3.00000e+00
7.06305e+05 3.00000e+00
7.06306e+05 3.00000e+00
7.06307e+05 3.00000e+00
7.06308e+05 3.00000e+00
7.06401e+05 3.00000e+00
7.06402e+05 3.00000e+00
7.06403e+05 3.00000e+00
7.06404e+05 3.00000e+00
7.06405e+05 3.00000e+00
7.06406e+05 3.00000e+00
7.06407e+05 3.00000e+00
7.06408e+05 3.00000e+00
7.07101e+05 3.00000e+00
7.07102e+05 3.00000e+00
7.07103e+05 3.00000e+00
7.07104e+05 3.00000e+00
7.07105e+05 3.00000e+00
7.07106e+05 3.00000e+00
7.07107e+05 3.00000e+00
7.07108e+05 3.00000e+00
7.07201e+05 3.00000e+00
7.07202e+05 3.00000e+00
7.07203e+05 3.00000e+00
7.07204e+05 3.00000e+00
7.07205e+05 3.00000e+00
7.07206e+05 3.00000e+00
7.07207e+05 3.00000e+00
7.07208e+05 3.00000e+00
7.07301e+05 3.00000e+00
7.07302e+05 3.00000e+00
7.07303e+05 3.00000e+00
7.07304e+05 3.00000e+00
7.07305e+05 3.00000e+00
7.07306e+05 3.00000e+00
7.07307e+05 3.00000e+00
7.07308e+05 3.00000e+00
7.07401e+05 3.00000e+00
7.07402e+05 3.00000e+00
7.07403e+05 3.00000e+00
7.07404e+05 3.00000e+00
7.07405e+05 3.00000e+00
7.07406e+05 3.00000e+00
7.07407e+05 3.00000e+00
7.07408e+05 3.00000e+00
7.08101e+05 3.00000e+00
7.08102e+05 3.00000e+00
7.08103e+05 3.00000e+00
7.08104e+05 3.00000e+00
7.08105e+05 3.00000e+00
7.08106e+05 3.00000e+00
7.08107e+05 3.00000e+00
7.08108e+05 3.00000e+00
7.08201e+05 3.00000e+00
7.08202e+05 3.00000e+00
7.08203e+05 3.00000e+00
7.08204e+05 3.00000e+00
7.08205e+05 3.00000e+00
7.08206e+05 3.00000e+00
7.08207e+05 3.00000e+00
7.08208e+05 3.00000e+00
7.08301e+05 3.00000e+00
7.08302e+05 3.00000e+00
7.08303e+05 3.00000e+00
7.08304e+05 3.00000e+00
7.08305e+05 3.00000e+00
7.08306e+05 3.00000e+00
7.08307e+05 3.00000e+00
7.08308e+05 3.00000e+00
7.08401e+05 3.00000e+00
7.08402e+05 3.00000e+00
7.08403e+05 3.00000e+00
7.08404e+05 3.00000e+00
7.08405e+05 3.00000e+00
7.08406e+05 3.00000e+00
7.08407e+05 3.00000e+00
7.08408e+05 3.00000e+00
7.09101e+05 3.00000e+00
7.09102e+05 3.00000e+00
7.09103e+05 3.00000e+00
7.09104e+05 3.00000e+00
7.09105e+05 3.00000e+00
7.09106e+05 3.00000e+00
7.09107e+05 3.00000e+00
7.09108e+05 3.00000e+00
7.09201e+05 3.00000e+00
7.09202e+05 3.00000e+00
7.09203e+05 3.00000e+00
7.09204e+05 3.00000e+00
7.09205e+05 3.00000e+00
7.09206e+05 3.00000e+00
7.09207e+05 3.00000e+00
7.09208e+05 3.00000e+00
7.09301e+05 3.00000e+00
7.09302e+05 3.00000e+00
7.09303e+05 3.00000e+00
7.09304e+05 3.00000e+00
7.09305e+05 3.00000e+00
7.09306e+05 3.00000e+00
7.09307e+05 3.00000e+00
7.09308e+05 3.00000e+00
7.09401e+05 3.00000e+00
7.09402e+05 3.00000e+00
7.09403e+05 3.00000e+00
7.09404e+05 3.00000e+00
7.09405e+05 3.00000e+00
7.09406e+05 3.00000e+00
7.09407e+05 3.00000e+00
7.09408e+05 3.00000e+00
7.10101e+05 3.00000e+00
7.10102e+05 3.00000e+00
7.10103e+05 3.00000e+00
7.10104e+05 3.00000e+00
7.10105e+05 3.00000e+00
7.10106e+05 3.00000e+00
7.10107e+05 3.00000e+00
7.10108e+05 3.00000e+00
7.10201e+05 3.00000e+00
7.10202e+05 3.00000e+00
7.10203e+05 3.00000e+00
7.10204e+05 3.00000e+00
7.10205e+05 3.00000e+00
7.10206e+05 3.00000e+00
7.10207e+05 3.00000e+00
7.10208e+05 3.00000e+00
7.10301e+05 3.00000e+00
7.10302e+05 3.00000e+00
7.10303e+05 3.00000e+00
7.10304e+05 3.00000e+00
7.10305e+05 3.00000e+00
7.10306e+05 3.00000e+00
7.10307e+05 3.00000e+00
7.10308e+05 3.00000e+00
7.10401e+05 3.00000e+00
7.10402e+05 3.00000e+00
7.10403e+05 3.00000e+00
7.10404e+05 3.00000e+00
7.10405e+05 3.00000e+00
7.10406e+05 3.00000e+00
7.10407e+05 3.00000e+00
7.10408e+05 3.00000e+00
7.11101e+05 3.00000e+00
7.11102e+05 3.00000e+00
7.11103e+05 3.00000e+00
7.11104e+05 3.00000e+00
7.11105e+05 3.00000e+00
7.11106e+05 3.00000e+00
7.11107e+05 3.00000e+00
7.11108e+05 3.00000e+00
7.11201e+05 3.00000e+00
7.11202e+05 3.00000e+00
7.11203e+05 3.00000e+00
7.11204e+05 3.00000e+00
7.11205e+05 3.00000e+00
7.11206e+05 3.00000e+00
7.11207e+05 3.00000e+00
7.11208e+05 3.00000e+00
7.11301e+05 3.00000e+00
7.11302e+05 3.00000e+00
7.11303e+05 3.00000e+00
7.11304e+05 3.00000e+00
7.11305e+05 3.00000e+00
7.11306e+05 3.00000e+00
7.11307e+05 3.00000e+00
7.11308e+05 3.00000e+00
7.11401e+05 3.00000e+00
7.11402e+05 3.00000e+00
7.11403e+05 3.00000e+00
7.11404e+05 3.00000e+00
7.11405e+05 3.00000e+00
7.11406e+05 3.00000e+00
7.11407e+05 3.00000e+00
7.11408e+05 3.00000e+00
9.00113e+05 1.90000e+01
9.00123e+05 1.90000e+01
9.00133e+05 1.90000e+01
9.00143e+05 1.90000e+01
9.00211e+05 1.90000e+01
9.00213e+05 1.90000e+01
9.00214e+05 1.90000e+01
9.00221e+05 1.90000e+01
9.00222e+05 1.90000e+01
9.00223e+05 1.90000e+01
9.00224e+05 1.90000e+01
9.00231e+05 1.90000e+01
9.00232e+05 1.90000e+01
9.00233e+05 1.90000e+01
9.00234e+05 1.90000e+01
9.00241e+05 1.90000e+01
9.00242e+05 1.90000e+01
9.00243e+05 1.90000e+01
9.00311e+05 1.90000e+01
9.00313e+05 1.90000e+01
9.00314e+05 1.90000e+01
9.00321e+05 1.90000e+01
9.00322e+05 1.90000e+01
9.00323e+05 1.90000e+01
9.00324e+05 1.90000e+01
9.00331e+05 1.90000e+01
9.00332e+05 1.90000e+01
9.00333e+05 1.90000e+01
9.00334e+05 1.90000e+01
9.00341e+05 1.90000e+01
9.00342e+05 1.90000e+01
9.00343e+05 1.90000e+01
9.00411e+05 1.90000e+01
9.00413e+05 1.90000e+01
9.00414e+05 1.90000e+01
9.00421e+05 1.90000e+01
9.00422e+05 1.90000e+01
9.00423e+05 1.90000e+01
9.00424e+05 1.90000e+01
9.00431e+05 1.90000e+01
9.00432e+05 1.90000e+01
9.00433e+05 1.90000e+01
9.00434e+05 1.90000e+01
9.00441e+05 1.90000e+01
9.00442e+05 1.90000e+01
9.00443e+05 1.90000e+01
9.00511e+05 1.90000e+01
9.00513e+05 1.90000e+01
9.00514e+05 1.90000e+01
9.00521e+05 1.90000e+01
9.00522e+05 1.90000e+01
9.00523e+05 1.90000e+01
9.00524e+05 1.90000e+01
9.00531e+05 1.90000e+01
9.00532e+05 1.90000e+01
9.00533e+05 1.90000e+01
9.00534e+05 1.90000e+01
9.00541e+05 1.90000e+01
9.00542e+05 1.90000e+01
9.00543e+05 1.90000e+01
9.00611e+05 1.90000e+01
9.00613e+05 1.90000e+01
9.00614e+05 1.90000e+01
9.00621e+05 1.90000e+01
9.00622e+05 1.90000e+01
9.00623e+05 1.90000e+01
9.00624e+05 1.90000e+01
9.00631e+05 1.90000e+01
9.00632e+05 1.90000e+01
9.00633e+05 1.90000e+01
9.00634e+05 1.90000e+01
9.00641e+05 1.90000e+01
9.00642e+05 1.90000e+01
9.00643e+05 1.90000e+01
9.00711e+05 1.90000e+01
9.00713e+05 1.90000e+01
9.00714e+05 1.90000e+01
9.00721e+05 1.90000e+01
9.00722e+05 1.90000e+01
9.00723e+05 1.90000e+01
9.00724e+05 1.90000e+01
9.00731e+05 1.90000e+01
9.00732e+05 1.90000e+01
9.00733e+05 1.90000e+01
9.00734e+05 1.90000e+01
9.00741e+05 1.90000e+01
9.00742e+05 1.90000e+01
9.00743e+05 1.90000e+01
9.00811e+05 1.90000e+01
9.00813e+05 1.90000e+01
9.00814e+05 1.90000e+01
9.00821e+05 1.90000e+01
9.00822e+05 1.90000e+01
9.00823e+05 1.90000e+01
9.00824e+05 1.90000e+01
9.00831e+05 1.90000e+01
9.00832e+05 1.90000e+01
9.00833e+05 1.90000e+01
9.00834e+05 1.90000e+01
9.00841e+05 1.90000e+01
9.00842e+05 1.90000e+01
9.00843e+05 1.90000e+01
9.00911e+05 1.90000e+01
9.00913e+05 1.90000e+01
9.00914e+05 1.90000e+01
9.00921e+05 1.90000e+01
9.00922e+05 1.90000e+01
9.00923e+05 1.90000e+01
9.00924e+05 1.90000e+01
9.00931e+05 1.90000e+01
9.00932e+05 1.90000e+01
9.00933e+05 1.90000e+01
9.00934e+05 1.90000e+01
9.00941e+05 1.90000e+01
9.00942e+05 1.90000e+01
9.00943e+05 1.90000e+01
9.01011e+05 1.90000e+01
9.01013e+05 1.90000e+01
9.01014e+05 1.90000e+01
9.01021e+05 1.90000e+01
9.01022e+05 1.90000e+01
9.01023e+05 1.90000e+01
9.01024e+05 1.90000e+01
9.01031e+05 1.90000e+01
9.01032e+05 1.90000e+01
9.01033e+05 1.90000e+01
9.01034e+05 1.90000e+01
9.01041e+05 1.90000e+01
9.01042e+05 1.90000e+01
9.01043e+05 1.90000e+01
9.01111e+05 1.90000e+01
9.01114e+05 1.90000e+01
9.01121e+05 1.90000e+01
9.01122e+05 1.90000e+01
9.01124e+05 1.90000e+01
9.01131e+05 1.90000e+01
9.01132e+05 1.90000e+01
9.01134e+05 1.90000e+01
9.01141e+05 1.90000e+01
9.01142e+05 1.90000e+01
9.02100e+05 1.90000e+01
9.02200e+05 1.90000e+01
9.02300e+05 1.90000e+01
9.02400e+05 1.90000e+01
9.03100e+05 1.90000e+01
9.03200e+05 1.90000e+01
9.03300e+05 1.90000e+01
9.03400e+05 1.90000e+01
9.04100e+05 1.90000e+01
9.04200e+05 1.90000e+01
9.04300e+05 1.90000e+01
9.04400e+05 1.90000e+01
9.05100e+05 1.90000e+01
9.05200e+05 1.90000e+01
9.05300e+05 1.90000e+01
9.05400e+05 1.90000e+01
9.06100e+05 1.90000e+01
9.06200e+05 1.90000e+01
9.06300e+05 1.90000e+01
9.06400e+05 1.90000e+01
9.07100e+05 1.90000e+01
9.07200e+05 1.90000e+01
9.07300e+05 1.90000e+01
9.07400e+05 1.90000e+01
9.08100e+05 1.90000e+01
9.08200e+05 1.90000e+01
9.08300e+05 1.90000e+01
9.08400e+05 1.90000e+01
9.09100e+05 1.90000e+01
9.09200e+05 1.90000e+01
9.09300e+05 1.90000e+01
9.09400e+05 1.90000e+01
9.10100e+05 1.90000e+01
9.10200e+05 1.90000e+01
9.10300e+05 1.90000e+01
9.10400e+05 1.90000e+01
9.11100e+05 1.90000e+01
9.11200e+05 1.90000e+01
9.11300e+05 1.90000e+01
9.11400e+05 1.90000e+01
