5.02100e+05 2.14000e+02 2.22000e+02
5.02200e+05 2.24000e+02 2.32000e+02
5.02300e+05 2.34000e+02 2.42000e+02
5.03100e+05 3.14000e+02 3.22000e+02
5.03200e+05 3.24000e+02 3.32000e+02
5.03300e+05 3.34000e+02 3.42000e+02
5.04100e+05 4.14000e+02 4.22000e+02
5.04200e+05 4.24000e+02 4.32000e+02
5.04300e+05 4.34000e+02 4.42000e+02
5.05100e+05 5.14000e+02 5.22000e+02
5.05200e+05 5.24000e+02 5.32000e+02
5.05300e+05 5.34000e+02 5.42000e+02
5.06100e+05 6.14000e+02 6.22000e+02
5.06200e+05 6.24000e+02 6.32000e+02
5.06300e+05 6.34000e+02 6.42000e+02
5.07100e+05 7.14000e+02 7.22000e+02
5.07200e+05 7.24000e+02 7.32000e+02
5.07300e+05 7.34000e+02 7.42000e+02
5.08100e+05 8.14000e+02 8.22000e+02
5.08200e+05 8.24000e+02 8.32000e+02
5.08300e+05 8.34000e+02 8.42000e+02
5.09100e+05 9.14000e+02 9.22000e+02
5.09200e+05 9.24000e+02 9.32000e+02
5.09300e+05 9.34000e+02 9.42000e+02
5.10100e+05 1.01400e+03 1.02200e+03
5.10200e+05 1.02400e+03 1.03200e+03
5.10300e+05 1.03400e+03 1.04200e+03
5.11100e+05 1.11400e+03 1.12200e+03
5.11200e+05 1.12400e+03 1.13200e+03
5.11300e+05 1.13400e+03 1.14200e+03
6.01100e+05 1.13000e+02 2.11000e+02
6.01200e+05 1.23000e+02 2.21000e+02
6.01300e+05 1.33000e+02 2.31000e+02
6.01400e+05 1.43000e+02 2.41000e+02
6.02100e+05 2.13000e+02 3.11000e+02
6.02200e+05 2.23000e+02 3.21000e+02
6.02300e+05 2.33000e+02 3.31000e+02
6.02400e+05 2.43000e+02 3.41000e+02
6.03100e+05 3.13000e+02 4.11000e+02
6.03200e+05 3.23000e+02 4.21000e+02
6.03300e+05 3.33000e+02 4.31000e+02
6.03400e+05 3.43000e+02 4.41000e+02
6.04100e+05 4.13000e+02 5.11000e+02
6.04200e+05 4.23000e+02 5.21000e+02
6.04300e+05 4.33000e+02 5.31000e+02
6.04400e+05 4.43000e+02 5.41000e+02
6.05100e+05 5.13000e+02 6.11000e+02
6.05200e+05 5.23000e+02 6.21000e+02
6.05300e+05 5.33000e+02 6.31000e+02
6.05400e+05 5.43000e+02 6.41000e+02
6.06100e+05 6.13000e+02 7.11000e+02
6.06200e+05 6.23000e+02 7.21000e+02
6.06300e+05 6.33000e+02 7.31000e+02
6.06400e+05 6.43000e+02 7.41000e+02
6.07100e+05 7.13000e+02 8.11000e+02
6.07200e+05 7.23000e+02 8.21000e+02
6.07300e+05 7.33000e+02 8.31000e+02
6.07400e+05 7.43000e+02 8.41000e+02
6.08100e+05 8.13000e+02 9.11000e+02
6.08200e+05 8.23000e+02 9.21000e+02
6.08300e+05 8.33000e+02 9.31000e+02
6.08400e+05 8.43000e+02 9.41000e+02
6.09100e+05 9.13000e+02 1.01100e+03
6.09200e+05 9.23000e+02 1.02100e+03
6.09300e+05 9.33000e+02 1.03100e+03
6.09400e+05 9.43000e+02 1.04100e+03
6.10100e+05 1.01300e+03 1.11100e+03
6.10200e+05 1.02300e+03 1.12100e+03
6.10300e+05 1.03300e+03 1.13100e+03
6.10400e+05 1.04300e+03 1.14100e+03
7.02101e+05 4.02101e+05 4.02105e+05
7.02102e+05 4.02106e+05 4.02102e+05
7.02103e+05 4.02102e+05 4.02107e+05
7.02104e+05 4.02108e+05 4.02103e+05
7.02105e+05 4.02103e+05 4.02109e+05
7.02106e+05 4.02110e+05 4.02104e+05
7.02107e+05 4.02104e+05 4.02188e+05
7.02108e+05 4.02199e+05 4.02101e+05
7.02201e+05 4.02201e+05 4.02205e+05
7.02202e+05 4.02206e+05 4.02202e+05
7.02203e+05 4.02202e+05 4.02207e+05
7.02204e+05 4.02208e+05 4.02203e+05
7.02205e+05 4.02203e+05 4.02209e+05
7.02206e+05 4.02210e+05 4.02204e+05
7.02207e+05 4.02204e+05 4.02288e+05
7.02208e+05 4.02299e+05 4.02201e+05
7.02301e+05 4.02301e+05 4.02305e+05
7.02302e+05 4.02306e+05 4.02302e+05
7.02303e+05 4.02302e+05 4.02307e+05
7.02304e+05 4.02308e+05 4.02303e+05
7.02305e+05 4.02303e+05 4.02309e+05
7.02306e+05 4.02310e+05 4.02304e+05
7.02307e+05 4.02304e+05 4.02388e+05
7.02308e+05 4.02399e+05 4.02301e+05
7.02401e+05 4.02401e+05 4.02405e+05
7.02402e+05 4.02406e+05 4.02402e+05
7.02403e+05 4.02402e+05 4.02407e+05
7.02404e+05 4.02408e+05 4.02403e+05
7.02405e+05 4.02403e+05 4.02409e+05
7.02406e+05 4.02410e+05 4.02404e+05
7.02407e+05 4.02404e+05 4.02488e+05
7.02408e+05 4.02499e+05 4.02401e+05
7.03101e+05 4.03101e+05 4.03105e+05
7.03102e+05 4.03106e+05 4.03102e+05
7.03103e+05 4.03102e+05 4.03107e+05
7.03104e+05 4.03108e+05 4.03103e+05
7.03105e+05 4.03103e+05 4.03109e+05
7.03106e+05 4.03110e+05 4.03104e+05
7.03107e+05 4.03104e+05 4.03188e+05
7.03108e+05 4.03199e+05 4.03101e+05
7.03201e+05 4.03201e+05 4.03205e+05
7.03202e+05 4.03206e+05 4.03202e+05
7.03203e+05 4.03202e+05 4.03207e+05
7.03204e+05 4.03208e+05 4.03203e+05
7.03205e+05 4.03203e+05 4.03209e+05
7.03206e+05 4.03210e+05 4.03204e+05
7.03207e+05 4.03204e+05 4.03288e+05
7.03208e+05 4.03299e+05 4.03201e+05
7.03301e+05 4.03301e+05 4.03305e+05
7.03302e+05 4.03306e+05 4.03302e+05
7.03303e+05 4.03302e+05 4.03307e+05
7.03304e+05 4.03308e+05 4.03303e+05
7.03305e+05 4.03303e+05 4.03309e+05
7.03306e+05 4.03310e+05 4.03304e+05
7.03307e+05 4.03304e+05 4.03388e+05
7.03308e+05 4.03399e+05 4.03301e+05
7.03401e+05 4.03401e+05 4.03405e+05
7.03402e+05 4.03406e+05 4.03402e+05
7.03403e+05 4.03402e+05 4.03407e+05
7.03404e+05 4.03408e+05 4.03403e+05
7.03405e+05 4.03403e+05 4.03409e+05
7.03406e+05 4.03410e+05 4.03404e+05
7.03407e+05 4.03404e+05 4.03488e+05
7.03408e+05 4.03499e+05 4.03401e+05
7.04101e+05 4.04101e+05 4.04105e+05
7.04102e+05 4.04106e+05 4.04102e+05
7.04103e+05 4.04102e+05 4.04107e+05
7.04104e+05 4.04108e+05 4.04103e+05
7.04105e+05 4.04103e+05 4.04109e+05
7.04106e+05 4.04110e+05 4.04104e+05
7.04107e+05 4.04104e+05 4.04188e+05
7.04108e+05 4.04199e+05 4.04101e+05
7.04201e+05 4.04201e+05 4.04205e+05
7.04202e+05 4.04206e+05 4.04202e+05
7.04203e+05 4.04202e+05 4.04207e+05
7.04204e+05 4.04208e+05 4.04203e+05
7.04205e+05 4.04203e+05 4.04209e+05
7.04206e+05 4.04210e+05 4.04204e+05
7.04207e+05 4.04204e+05 4.04288e+05
7.04208e+05 4.04299e+05 4.04201e+05
7.04301e+05 4.04301e+05 4.04305e+05
7.04302e+05 4.04306e+05 4.04302e+05
7.04303e+05 4.04302e+05 4.04307e+05
7.04304e+05 4.04308e+05 4.04303e+05
7.04305e+05 4.04303e+05 4.04309e+05
7.04306e+05 4.04310e+05 4.04304e+05
7.04307e+05 4.04304e+05 4.04388e+05
7.04308e+05 4.04399e+05 4.04301e+05
7.04401e+05 4.04401e+05 4.04405e+05
7.04402e+05 4.04406e+05 4.04402e+05
7.04403e+05 4.04402e+05 4.04407e+05
7.04404e+05 4.04408e+05 4.04403e+05
7.04405e+05 4.04403e+05 4.04409e+05
7.04406e+05 4.04410e+05 4.04404e+05
7.04407e+05 4.04404e+05 4.04488e+05
7.04408e+05 4.04499e+05 4.04401e+05
7.05101e+05 4.05101e+05 4.05105e+05
7.05102e+05 4.05106e+05 4.05102e+05
7.05103e+05 4.05102e+05 4.05107e+05
7.05104e+05 4.05108e+05 4.05103e+05
7.05105e+05 4.05103e+05 4.05109e+05
7.05106e+05 4.05110e+05 4.05104e+05
7.05107e+05 4.05104e+05 4.05188e+05
7.05108e+05 4.05199e+05 4.05101e+05
7.05201e+05 4.05201e+05 4.05205e+05
7.05202e+05 4.05206e+05 4.05202e+05
7.05203e+05 4.05202e+05 4.05207e+05
7.05204e+05 4.05208e+05 4.05203e+05
7.05205e+05 4.05203e+05 4.05209e+05
7.05206e+05 4.05210e+05 4.05204e+05
7.05207e+05 4.05204e+05 4.05288e+05
7.05208e+05 4.05299e+05 4.05201e+05
7.05301e+05 4.05301e+05 4.05305e+05
7.05302e+05 4.05306e+05 4.05302e+05
7.05303e+05 4.05302e+05 4.05307e+05
7.05304e+05 4.05308e+05 4.05303e+05
7.05305e+05 4.05303e+05 4.05309e+05
7.05306e+05 4.05310e+05 4.05304e+05
7.05307e+05 4.05304e+05 4.05388e+05
7.05308e+05 4.05399e+05 4.05301e+05
7.05401e+05 4.05401e+05 4.05405e+05
7.05402e+05 4.05406e+05 4.05402e+05
7.05403e+05 4.05402e+05 4.05407e+05
7.05404e+05 4.05408e+05 4.05403e+05
7.05405e+05 4.05403e+05 4.05409e+05
7.05406e+05 4.05410e+05 4.05404e+05
7.05407e+05 4.05404e+05 4.05488e+05
7.05408e+05 4.05499e+05 4.05401e+05
7.06101e+05 4.06101e+05 4.06105e+05
7.06102e+05 4.06106e+05 4.06102e+05
7.06103e+05 4.06102e+05 4.06107e+05
7.06104e+05 4.06108e+05 4.06103e+05
7.06105e+05 4.06103e+05 4.06109e+05
7.06106e+05 4.06110e+05 4.06104e+05
7.06107e+05 4.06104e+05 4.06188e+05
7.06108e+05 4.06199e+05 4.06101e+05
7.06201e+05 4.06201e+05 4.06205e+05
7.06202e+05 4.06206e+05 4.06202e+05
7.06203e+05 4.06202e+05 4.06207e+05
7.06204e+05 4.06208e+05 4.06203e+05
7.06205e+05 4.06203e+05 4.06209e+05
7.06206e+05 4.06210e+05 4.06204e+05
7.06207e+05 4.06204e+05 4.06288e+05
7.06208e+05 4.06299e+05 4.06201e+05
7.06301e+05 4.06301e+05 4.06305e+05
7.06302e+05 4.06306e+05 4.06302e+05
7.06303e+05 4.06302e+05 4.06307e+05
7.06304e+05 4.06308e+05 4.06303e+05
7.06305e+05 4.06303e+05 4.06309e+05
7.06306e+05 4.06310e+05 4.06304e+05
7.06307e+05 4.06304e+05 4.06388e+05
7.06308e+05 4.06399e+05 4.06301e+05
7.06401e+05 4.06401e+05 4.06405e+05
7.06402e+05 4.06406e+05 4.06402e+05
7.06403e+05 4.06402e+05 4.06407e+05
7.06404e+05 4.06408e+05 4.06403e+05
7.06405e+05 4.06403e+05 4.06409e+05
7.06406e+05 4.06410e+05 4.06404e+05
7.06407e+05 4.06404e+05 4.06488e+05
7.06408e+05 4.06499e+05 4.06401e+05
7.07101e+05 4.07101e+05 4.07105e+05
7.07102e+05 4.07106e+05 4.07102e+05
7.07103e+05 4.07102e+05 4.07107e+05
7.07104e+05 4.07108e+05 4.07103e+05
7.07105e+05 4.07103e+05 4.07109e+05
7.07106e+05 4.07110e+05 4.07104e+05
7.07107e+05 4.07104e+05 4.07188e+05
7.07108e+05 4.07199e+05 4.07101e+05
7.07201e+05 4.07201e+05 4.07205e+05
7.07202e+05 4.07206e+05 4.07202e+05
7.07203e+05 4.07202e+05 4.07207e+05
7.07204e+05 4.07208e+05 4.07203e+05
7.07205e+05 4.07203e+05 4.07209e+05
7.07206e+05 4.07210e+05 4.07204e+05
7.07207e+05 4.07204e+05 4.07288e+05
7.07208e+05 4.07299e+05 4.07201e+05
7.07301e+05 4.07301e+05 4.07305e+05
7.07302e+05 4.07306e+05 4.07302e+05
7.07303e+05 4.07302e+05 4.07307e+05
7.07304e+05 4.07308e+05 4.07303e+05
7.07305e+05 4.07303e+05 4.07309e+05
7.07306e+05 4.07310e+05 4.07304e+05
7.07307e+05 4.07304e+05 4.07388e+05
7.07308e+05 4.07399e+05 4.07301e+05
7.07401e+05 4.07401e+05 4.07405e+05
7.07402e+05 4.07406e+05 4.07402e+05
7.07403e+05 4.07402e+05 4.07407e+05
7.07404e+05 4.07408e+05 4.07403e+05
7.07405e+05 4.07403e+05 4.07409e+05
7.07406e+05 4.07410e+05 4.07404e+05
7.07407e+05 4.07404e+05 4.07488e+05
7.07408e+05 4.07499e+05 4.07401e+05
7.08101e+05 4.08101e+05 4.08105e+05
7.08102e+05 4.08106e+05 4.08102e+05
7.08103e+05 4.08102e+05 4.08107e+05
7.08104e+05 4.08108e+05 4.08103e+05
7.08105e+05 4.08103e+05 4.08109e+05
7.08106e+05 4.08110e+05 4.08104e+05
7.08107e+05 4.08104e+05 4.08188e+05
7.08108e+05 4.08199e+05 4.08101e+05
7.08201e+05 4.08201e+05 4.08205e+05
7.08202e+05 4.08206e+05 4.08202e+05
7.08203e+05 4.08202e+05 4.08207e+05
7.08204e+05 4.08208e+05 4.08203e+05
7.08205e+05 4.08203e+05 4.08209e+05
7.08206e+05 4.08210e+05 4.08204e+05
7.08207e+05 4.08204e+05 4.08288e+05
7.08208e+05 4.08299e+05 4.08201e+05
7.08301e+05 4.08301e+05 4.08305e+05
7.08302e+05 4.08306e+05 4.08302e+05
7.08303e+05 4.08302e+05 4.08307e+05
7.08304e+05 4.08308e+05 4.08303e+05
7.08305e+05 4.08303e+05 4.08309e+05
7.08306e+05 4.08310e+05 4.08304e+05
7.08307e+05 4.08304e+05 4.08388e+05
7.08308e+05 4.08399e+05 4.08301e+05
7.08401e+05 4.08401e+05 4.08405e+05
7.08402e+05 4.08406e+05 4.08402e+05
7.08403e+05 4.08402e+05 4.08407e+05
7.08404e+05 4.08408e+05 4.08403e+05
7.08405e+05 4.08403e+05 4.08409e+05
7.08406e+05 4.08410e+05 4.08404e+05
7.08407e+05 4.08404e+05 4.08488e+05
7.08408e+05 4.08499e+05 4.08401e+05
7.09101e+05 4.09101e+05 4.09105e+05
7.09102e+05 4.09106e+05 4.09102e+05
7.09103e+05 4.09102e+05 4.09107e+05
7.09104e+05 4.09108e+05 4.09103e+05
7.09105e+05 4.09103e+05 4.09109e+05
7.09106e+05 4.09110e+05 4.09104e+05
7.09107e+05 4.09104e+05 4.09188e+05
7.09108e+05 4.09199e+05 4.09101e+05
7.09201e+05 4.09201e+05 4.09205e+05
7.09202e+05 4.09206e+05 4.09202e+05
7.09203e+05 4.09202e+05 4.09207e+05
7.09204e+05 4.09208e+05 4.09203e+05
7.09205e+05 4.09203e+05 4.09209e+05
7.09206e+05 4.09210e+05 4.09204e+05
7.09207e+05 4.09204e+05 4.09288e+05
7.09208e+05 4.09299e+05 4.09201e+05
7.09301e+05 4.09301e+05 4.09305e+05
7.09302e+05 4.09306e+05 4.09302e+05
7.09303e+05 4.09302e+05 4.09307e+05
7.09304e+05 4.09308e+05 4.09303e+05
7.09305e+05 4.09303e+05 4.09309e+05
7.09306e+05 4.09310e+05 4.09304e+05
7.09307e+05 4.09304e+05 4.09388e+05
7.09308e+05 4.09399e+05 4.09301e+05
7.09401e+05 4.09401e+05 4.09405e+05
7.09402e+05 4.09406e+05 4.09402e+05
7.09403e+05 4.09402e+05 4.09407e+05
7.09404e+05 4.09408e+05 4.09403e+05
7.09405e+05 4.09403e+05 4.09409e+05
7.09406e+05 4.09410e+05 4.09404e+05
7.09407e+05 4.09404e+05 4.09488e+05
7.09408e+05 4.09499e+05 4.09401e+05
7.10101e+05 4.10101e+05 4.10105e+05
7.10102e+05 4.10106e+05 4.10102e+05
7.10103e+05 4.10102e+05 4.10107e+05
7.10104e+05 4.10108e+05 4.10103e+05
7.10105e+05 4.10103e+05 4.10109e+05
7.10106e+05 4.10110e+05 4.10104e+05
7.10107e+05 4.10104e+05 4.10188e+05
7.10108e+05 4.10199e+05 4.10101e+05
7.10201e+05 4.10201e+05 4.10205e+05
7.10202e+05 4.10206e+05 4.10202e+05
7.10203e+05 4.10202e+05 4.10207e+05
7.10204e+05 4.10208e+05 4.10203e+05
7.10205e+05 4.10203e+05 4.10209e+05
7.10206e+05 4.10210e+05 4.10204e+05
7.10207e+05 4.10204e+05 4.10288e+05
7.10208e+05 4.10299e+05 4.10201e+05
7.10301e+05 4.10301e+05 4.10305e+05
7.10302e+05 4.10306e+05 4.10302e+05
7.10303e+05 4.10302e+05 4.10307e+05
7.10304e+05 4.10308e+05 4.10303e+05
7.10305e+05 4.10303e+05 4.10309e+05
7.10306e+05 4.10310e+05 4.10304e+05
7.10307e+05 4.10304e+05 4.10388e+05
7.10308e+05 4.10399e+05 4.10301e+05
7.10401e+05 4.10401e+05 4.10405e+05
7.10402e+05 4.10406e+05 4.10402e+05
7.10403e+05 4.10402e+05 4.10407e+05
7.10404e+05 4.10408e+05 4.10403e+05
7.10405e+05 4.10403e+05 4.10409e+05
7.10406e+05 4.10410e+05 4.10404e+05
7.10407e+05 4.10404e+05 4.10488e+05
7.10408e+05 4.10499e+05 4.10401e+05
7.11101e+05 4.11101e+05 4.11105e+05
7.11102e+05 4.11106e+05 4.11102e+05
7.11103e+05 4.11102e+05 4.11107e+05
7.11104e+05 4.11108e+05 4.11103e+05
7.11105e+05 4.11103e+05 4.11109e+05
7.11106e+05 4.11110e+05 4.11104e+05
7.11107e+05 4.11104e+05 4.11188e+05
7.11108e+05 4.11199e+05 4.11101e+05
7.11201e+05 4.11201e+05 4.11205e+05
7.11202e+05 4.11206e+05 4.11202e+05
7.11203e+05 4.11202e+05 4.11207e+05
7.11204e+05 4.11208e+05 4.11203e+05
7.11205e+05 4.11203e+05 4.11209e+05
7.11206e+05 4.11210e+05 4.11204e+05
7.11207e+05 4.11204e+05 4.11288e+05
7.11208e+05 4.11299e+05 4.11201e+05
7.11301e+05 4.11301e+05 4.11305e+05
7.11302e+05 4.11306e+05 4.11302e+05
7.11303e+05 4.11302e+05 4.11307e+05
7.11304e+05 4.11308e+05 4.11303e+05
7.11305e+05 4.11303e+05 4.11309e+05
7.11306e+05 4.11310e+05 4.11304e+05
7.11307e+05 4.11304e+05 4.11388e+05
7.11308e+05 4.11399e+05 4.11301e+05
7.11401e+05 4.11401e+05 4.11405e+05
7.11402e+05 4.11406e+05 4.11402e+05
7.11403e+05 4.11402e+05 4.11407e+05
7.11404e+05 4.11408e+05 4.11403e+05
7.11405e+05 4.11403e+05 4.11409e+05
7.11406e+05 4.11410e+05 4.11404e+05
7.11407e+05 4.11404e+05 4.11488e+05
7.11408e+05 4.11499e+05 4.11401e+05
9.00113e+05 1.10000e+02 1.13000e+02
9.00123e+05 1.20000e+02 1.23000e+02
9.00133e+05 1.30000e+02 1.33000e+02
9.00143e+05 1.40000e+02 1.43000e+02
9.00211e+05 2.11000e+02 4.02101e+05
9.00213e+05 2.13000e+02 4.02103e+05
9.00214e+05 4.02104e+05 2.14000e+02
9.00221e+05 2.21000e+02 4.02201e+05
9.00222e+05 4.02202e+05 2.22000e+02
9.00223e+05 2.23000e+02 4.02203e+05
9.00224e+05 4.02204e+05 2.24000e+02
9.00231e+05 2.31000e+02 4.02301e+05
9.00232e+05 4.02302e+05 2.32000e+02
9.00233e+05 2.33000e+02 4.02303e+05
9.00234e+05 4.02304e+05 2.34000e+02
9.00241e+05 2.41000e+02 4.02401e+05
9.00242e+05 4.02402e+05 2.42000e+02
9.00243e+05 2.43000e+02 4.02403e+05
9.00311e+05 3.11000e+02 4.03101e+05
9.00313e+05 3.13000e+02 4.03103e+05
9.00314e+05 4.03104e+05 3.14000e+02
9.00321e+05 3.21000e+02 4.03201e+05
9.00322e+05 4.03202e+05 3.22000e+02
9.00323e+05 3.23000e+02 4.03203e+05
9.00324e+05 4.03204e+05 3.24000e+02
9.00331e+05 3.31000e+02 4.03301e+05
9.00332e+05 4.03302e+05 3.32000e+02
9.00333e+05 3.33000e+02 4.03303e+05
9.00334e+05 4.03304e+05 3.34000e+02
9.00341e+05 3.41000e+02 4.03401e+05
9.00342e+05 4.03402e+05 3.42000e+02
9.00343e+05 3.43000e+02 4.03403e+05
9.00411e+05 4.11000e+02 4.04101e+05
9.00413e+05 4.13000e+02 4.04103e+05
9.00414e+05 4.04104e+05 4.14000e+02
9.00421e+05 4.21000e+02 4.04201e+05
9.00422e+05 4.04202e+05 4.22000e+02
9.00423e+05 4.23000e+02 4.04203e+05
9.00424e+05 4.04204e+05 4.24000e+02
9.00431e+05 4.31000e+02 4.04301e+05
9.00432e+05 4.04302e+05 4.32000e+02
9.00433e+05 4.33000e+02 4.04303e+05
9.00434e+05 4.04304e+05 4.34000e+02
9.00441e+05 4.41000e+02 4.04401e+05
9.00442e+05 4.04402e+05 4.42000e+02
9.00443e+05 4.43000e+02 4.04403e+05
9.00511e+05 5.11000e+02 4.05101e+05
9.00513e+05 5.13000e+02 4.05103e+05
9.00514e+05 4.05104e+05 5.14000e+02
9.00521e+05 5.21000e+02 4.05201e+05
9.00522e+05 4.05202e+05 5.22000e+02
9.00523e+05 5.23000e+02 4.05203e+05
9.00524e+05 4.05204e+05 5.24000e+02
9.00531e+05 5.31000e+02 4.05301e+05
9.00532e+05 4.05302e+05 5.32000e+02
9.00533e+05 5.33000e+02 4.05303e+05
9.00534e+05 4.05304e+05 5.34000e+02
9.00541e+05 5.41000e+02 4.05401e+05
9.00542e+05 4.05402e+05 5.42000e+02
9.00543e+05 5.43000e+02 4.05403e+05
9.00611e+05 6.11000e+02 4.06101e+05
9.00613e+05 6.13000e+02 4.06103e+05
9.00614e+05 4.06104e+05 6.14000e+02
9.00621e+05 6.21000e+02 4.06201e+05
9.00622e+05 4.06202e+05 6.22000e+02
9.00623e+05 6.23000e+02 4.06203e+05
9.00624e+05 4.06204e+05 6.24000e+02
9.00631e+05 6.31000e+02 4.06301e+05
9.00632e+05 4.06302e+05 6.32000e+02
9.00633e+05 6.33000e+02 4.06303e+05
9.00634e+05 4.06304e+05 6.34000e+02
9.00641e+05 6.41000e+02 4.06401e+05
9.00642e+05 4.06402e+05 6.42000e+02
9.00643e+05 6.43000e+02 4.06403e+05
9.00711e+05 7.11000e+02 4.07101e+05
9.00713e+05 7.13000e+02 4.07103e+05
9.00714e+05 4.07104e+05 7.14000e+02
9.00721e+05 7.21000e+02 4.07201e+05
9.00722e+05 4.07202e+05 7.22000e+02
9.00723e+05 7.23000e+02 4.07203e+05
9.00724e+05 4.07204e+05 7.24000e+02
9.00731e+05 7.31000e+02 4.07301e+05
9.00732e+05 4.07302e+05 7.32000e+02
9.00733e+05 7.33000e+02 4.07303e+05
9.00734e+05 4.07304e+05 7.34000e+02
9.00741e+05 7.41000e+02 4.07401e+05
9.00742e+05 4.07402e+05 7.42000e+02
9.00743e+05 7.43000e+02 4.07403e+05
9.00811e+05 8.11000e+02 4.08101e+05
9.00813e+05 8.13000e+02 4.08103e+05
9.00814e+05 4.08104e+05 8.14000e+02
9.00821e+05 8.21000e+02 4.08201e+05
9.00822e+05 4.08202e+05 8.22000e+02
9.00823e+05 8.23000e+02 4.08203e+05
9.00824e+05 4.08204e+05 8.24000e+02
9.00831e+05 8.31000e+02 4.08301e+05
9.00832e+05 4.08302e+05 8.32000e+02
9.00833e+05 8.33000e+02 4.08303e+05
9.00834e+05 4.08304e+05 8.34000e+02
9.00841e+05 8.41000e+02 4.08401e+05
9.00842e+05 4.08402e+05 8.42000e+02
9.00843e+05 8.43000e+02 4.08403e+05
9.00911e+05 9.11000e+02 4.09101e+05
9.00913e+05 9.13000e+02 4.09103e+05
9.00914e+05 4.09104e+05 9.14000e+02
9.00921e+05 9.21000e+02 4.09201e+05
9.00922e+05 4.09202e+05 9.22000e+02
9.00923e+05 9.23000e+02 4.09203e+05
9.00924e+05 4.09204e+05 9.24000e+02
9.00931e+05 9.31000e+02 4.09301e+05
9.00932e+05 4.09302e+05 9.32000e+02
9.00933e+05 9.33000e+02 4.09303e+05
9.00934e+05 4.09304e+05 9.34000e+02
9.00941e+05 9.41000e+02 4.09401e+05
9.00942e+05 4.09402e+05 9.42000e+02
9.00943e+05 9.43000e+02 4.09403e+05
9.01011e+05 1.01100e+03 4.10101e+05
9.01013e+05 1.01300e+03 4.10103e+05
9.01014e+05 4.10104e+05 1.01400e+03
9.01021e+05 1.02100e+03 4.10201e+05
9.01022e+05 4.10202e+05 1.02200e+03
9.01023e+05 1.02300e+03 4.10203e+05
9.01024e+05 4.10204e+05 1.02400e+03
9.01031e+05 1.03100e+03 4.10301e+05
9.01032e+05 4.10302e+05 1.03200e+03
9.01033e+05 1.03300e+03 4.10303e+05
9.01034e+05 4.10304e+05 1.03400e+03
9.01041e+05 1.04100e+03 4.10401e+05
9.01042e+05 4.10402e+05 1.04200e+03
9.01043e+05 1.04300e+03 4.10403e+05
9.01111e+05 1.11100e+03 4.11101e+05
9.01114e+05 4.11104e+05 1.11400e+03
9.01121e+05 1.12100e+03 4.11201e+05
9.01122e+05 4.11202e+05 1.12200e+03
9.01124e+05 4.11204e+05 1.12400e+03
9.01131e+05 1.13100e+03 4.11301e+05
9.01132e+05 4.11302e+05 1.13200e+03
9.01134e+05 4.11304e+05 1.13400e+03
9.01141e+05 1.14100e+03 4.11401e+05
9.01142e+05 4.11402e+05 1.14200e+03
9.02100e+05 4.02109e+05 4.02110e+05
9.02200e+05 4.02209e+05 4.02210e+05
9.02300e+05 4.02309e+05 4.02310e+05
9.02400e+05 4.02409e+05 4.02410e+05
9.03100e+05 4.03109e+05 4.03110e+05
9.03200e+05 4.03209e+05 4.03210e+05
9.03300e+05 4.03309e+05 4.03310e+05
9.03400e+05 4.03409e+05 4.03410e+05
9.04100e+05 4.04109e+05 4.04110e+05
9.04200e+05 4.04209e+05 4.04210e+05
9.04300e+05 4.04309e+05 4.04310e+05
9.04400e+05 4.04409e+05 4.04410e+05
9.05100e+05 4.05109e+05 4.05110e+05
9.05200e+05 4.05209e+05 4.05210e+05
9.05300e+05 4.05309e+05 4.05310e+05
9.05400e+05 4.05409e+05 4.05410e+05
9.06100e+05 4.06109e+05 4.06110e+05
9.06200e+05 4.06209e+05 4.06210e+05
9.06300e+05 4.06309e+05 4.06310e+05
9.06400e+05 4.06409e+05 4.06410e+05
9.07100e+05 4.07109e+05 4.07110e+05
9.07200e+05 4.07209e+05 4.07210e+05
9.07300e+05 4.07309e+05 4.07310e+05
9.07400e+05 4.07409e+05 4.07410e+05
9.08100e+05 4.08109e+05 4.08110e+05
9.08200e+05 4.08209e+05 4.08210e+05
9.08300e+05 4.08309e+05 4.08310e+05
9.08400e+05 4.08409e+05 4.08410e+05
9.09100e+05 4.09109e+05 4.09110e+05
9.09200e+05 4.09209e+05 4.09210e+05
9.09300e+05 4.09309e+05 4.09310e+05
9.09400e+05 4.09409e+05 4.09410e+05
9.10100e+05 4.10109e+05 4.10110e+05
9.10200e+05 4.10209e+05 4.10210e+05
9.10300e+05 4.10309e+05 4.10310e+05
9.10400e+05 4.10409e+05 4.10410e+05
9.11100e+05 4.11109e+05 4.11110e+05
9.11200e+05 4.11209e+05 4.11210e+05
9.11300e+05 4.11309e+05 4.11310e+05
9.11400e+05 4.11409e+05 4.11410e+05
