1.10000e+02 0.00000e+00 0.00000e+00
1.13000e+02 0.00000e+00 0.00000e+00
1.20000e+02 3.10000e+00 0.00000e+00
1.23000e+02 3.10000e+00 0.00000e+00
1.30000e+02 4.90000e+00 0.00000e+00
1.33000e+02 4.90000e+00 0.00000e+00
1.40000e+02 8.00000e+00 0.00000e+00
1.43000e+02 8.00000e+00 0.00000e+00
2.11000e+02 0.00000e+00 2.62500e+00
2.13000e+02 0.00000e+00 2.97500e+00
2.14000e+02 1.75000e-01 2.80000e+00
2.21000e+02 3.10000e+00 2.62500e+00
2.22000e+02 2.97500e+00 2.80000e+00
2.23000e+02 3.10000e+00 2.97500e+00
2.24000e+02 3.22500e+00 2.80000e+00
2.31000e+02 4.90000e+00 2.62500e+00
2.32000e+02 4.77500e+00 2.80000e+00
2.33000e+02 4.90000e+00 2.97500e+00
2.34000e+02 5.02500e+00 2.80000e+00
2.41000e+02 8.00000e+00 2.62500e+00
2.42000e+02 7.82500e+00 2.80000e+00
2.43000e+02 8.00000e+00 2.97500e+00
3.11000e+02 0.00000e+00 5.22500e+00
3.13000e+02 0.00000e+00 5.57500e+00
3.14000e+02 1.75000e-01 5.40000e+00
3.21000e+02 3.10000e+00 5.22500e+00
3.22000e+02 2.97500e+00 5.40000e+00
3.23000e+02 3.10000e+00 5.57500e+00
3.24000e+02 3.22500e+00 5.40000e+00
3.31000e+02 4.90000e+00 5.22500e+00
3.32000e+02 4.77500e+00 5.40000e+00
3.33000e+02 4.90000e+00 5.57500e+00
3.34000e+02 5.02500e+00 5.40000e+00
3.41000e+02 8.00000e+00 5.22500e+00
3.42000e+02 7.82500e+00 5.40000e+00
3.43000e+02 8.00000e+00 5.57500e+00
4.11000e+02 0.00000e+00 7.82500e+00
4.13000e+02 0.00000e+00 8.17500e+00
4.14000e+02 1.75000e-01 8.00000e+00
4.21000e+02 3.10000e+00 7.82500e+00
4.22000e+02 2.97500e+00 8.00000e+00
4.23000e+02 3.10000e+00 8.17500e+00
4.24000e+02 3.22500e+00 8.00000e+00
4.31000e+02 4.90000e+00 7.82500e+00
4.32000e+02 4.77500e+00 8.00000e+00
4.33000e+02 4.90000e+00 8.17500e+00
4.34000e+02 5.02500e+00 8.00000e+00
4.41000e+02 8.00000e+00 7.82500e+00
4.42000e+02 7.82500e+00 8.00000e+00
4.43000e+02 8.00000e+00 8.17500e+00
5.11000e+02 0.00000e+00 1.04250e+01
5.13000e+02 0.00000e+00 1.07750e+01
5.14000e+02 1.75000e-01 1.06000e+01
5.21000e+02 3.10000e+00 1.04250e+01
5.22000e+02 2.97500e+00 1.06000e+01
5.23000e+02 3.10000e+00 1.07750e+01
5.24000e+02 3.22500e+00 1.06000e+01
5.31000e+02 4.90000e+00 1.04250e+01
5.32000e+02 4.77500e+00 1.06000e+01
5.33000e+02 4.90000e+00 1.07750e+01
5.34000e+02 5.02500e+00 1.06000e+01
5.41000e+02 8.00000e+00 1.04250e+01
5.42000e+02 7.82500e+00 1.06000e+01
5.43000e+02 8.00000e+00 1.07750e+01
6.11000e+02 0.00000e+00 1.29750e+01
6.13000e+02 0.00000e+00 1.33250e+01
6.14000e+02 1.75000e-01 1.31500e+01
6.21000e+02 3.10000e+00 1.29750e+01
6.22000e+02 2.97500e+00 1.31500e+01
6.23000e+02 3.10000e+00 1.33250e+01
6.24000e+02 3.22500e+00 1.31500e+01
6.31000e+02 4.90000e+00 1.29750e+01
6.32000e+02 4.77500e+00 1.31500e+01
6.33000e+02 4.90000e+00 1.33250e+01
6.34000e+02 5.02500e+00 1.31500e+01
6.41000e+02 8.00000e+00 1.29750e+01
6.42000e+02 7.82500e+00 1.31500e+01
6.43000e+02 8.00000e+00 1.33250e+01
7.11000e+02 0.00000e+00 1.55250e+01
7.13000e+02 0.00000e+00 1.58750e+01
7.14000e+02 1.75000e-01 1.57000e+01
7.21000e+02 3.10000e+00 1.55250e+01
7.22000e+02 2.97500e+00 1.57000e+01
7.23000e+02 3.10000e+00 1.58750e+01
7.24000e+02 3.22500e+00 1.57000e+01
7.31000e+02 4.90000e+00 1.55250e+01
7.32000e+02 4.77500e+00 1.57000e+01
7.33000e+02 4.90000e+00 1.58750e+01
7.34000e+02 5.02500e+00 1.57000e+01
7.41000e+02 8.00000e+00 1.55250e+01
7.42000e+02 7.82500e+00 1.57000e+01
7.43000e+02 8.00000e+00 1.58750e+01
8.11000e+02 0.00000e+00 1.80750e+01
8.13000e+02 0.00000e+00 1.84250e+01
8.14000e+02 1.75000e-01 1.82500e+01
8.21000e+02 3.10000e+00 1.80750e+01
8.22000e+02 2.97500e+00 1.82500e+01
8.23000e+02 3.10000e+00 1.84250e+01
8.24000e+02 3.22500e+00 1.82500e+01
8.31000e+02 4.90000e+00 1.80750e+01
8.32000e+02 4.77500e+00 1.82500e+01
8.33000e+02 4.90000e+00 1.84250e+01
8.34000e+02 5.02500e+00 1.82500e+01
8.41000e+02 8.00000e+00 1.80750e+01
8.42000e+02 7.82500e+00 1.82500e+01
8.43000e+02 8.00000e+00 1.84250e+01
9.11000e+02 0.00000e+00 2.05750e+01
9.13000e+02 0.00000e+00 2.09250e+01
9.14000e+02 1.75000e-01 2.07500e+01
9.21000e+02 3.10000e+00 2.05750e+01
9.22000e+02 2.97500e+00 2.07500e+01
9.23000e+02 3.10000e+00 2.09250e+01
9.24000e+02 3.22500e+00 2.07500e+01
9.31000e+02 4.90000e+00 2.05750e+01
9.32000e+02 4.77500e+00 2.07500e+01
9.33000e+02 4.90000e+00 2.09250e+01
9.34000e+02 5.02500e+00 2.07500e+01
9.41000e+02 8.00000e+00 2.05750e+01
9.42000e+02 7.82500e+00 2.07500e+01
9.43000e+02 8.00000e+00 2.09250e+01
1.01100e+03 0.00000e+00 2.30770e+01
1.01300e+03 0.00000e+00 2.34230e+01
1.01400e+03 1.75000e-01 2.32500e+01
1.02100e+03 3.10000e+00 2.30770e+01
1.02200e+03 2.97500e+00 2.32500e+01
1.02300e+03 3.10000e+00 2.34230e+01
1.02400e+03 3.22500e+00 2.32500e+01
1.03100e+03 4.90000e+00 2.30770e+01
1.03200e+03 4.77500e+00 2.32500e+01
1.03300e+03 4.90000e+00 2.34230e+01
1.03400e+03 5.02500e+00 2.32500e+01
1.04100e+03 8.00000e+00 2.30770e+01
1.04200e+03 7.82500e+00 2.32500e+01
1.04300e+03 8.00000e+00 2.34230e+01
1.11100e+03 0.00000e+00 2.55770e+01
1.11400e+03 1.75000e-01 2.57500e+01
1.12100e+03 3.10000e+00 2.55770e+01
1.12200e+03 2.97500e+00 2.57500e+01
1.12400e+03 3.22500e+00 2.57500e+01
1.13100e+03 4.90000e+00 2.55770e+01
1.13200e+03 4.77500e+00 2.57500e+01
1.13400e+03 5.02500e+00 2.57500e+01
1.14100e+03 8.00000e+00 2.55770e+01
1.14200e+03 7.82500e+00 2.57500e+01
4.02101e+05 0.00000e+00 2.62500e+00
4.02102e+05 -1.75000e-01 2.80000e+00
4.02103e+05 0.00000e+00 2.97500e+00
4.02104e+05 1.75000e-01 2.80000e+00
4.02105e+05 -1.75000e-01 2.62500e+00
4.02106e+05 -1.75000e-01 2.62500e+00
4.02107e+05 -1.75000e-01 2.97500e+00
4.02108e+05 -1.75000e-01 2.97500e+00
4.02109e+05 1.75000e-01 2.97500e+00
4.02110e+05 1.75000e-01 2.97500e+00
4.02188e+05 1.75000e-01 2.62500e+00
4.02199e+05 1.75000e-01 2.62500e+00
4.02201e+05 3.10000e+00 2.62500e+00
4.02202e+05 2.97500e+00 2.80000e+00
4.02203e+05 3.10000e+00 2.97500e+00
4.02204e+05 3.22500e+00 2.80000e+00
4.02205e+05 2.97500e+00 2.62500e+00
4.02206e+05 2.97500e+00 2.62500e+00
4.02207e+05 2.97500e+00 2.97500e+00
4.02208e+05 2.97500e+00 2.97500e+00
4.02209e+05 3.22500e+00 2.97500e+00
4.02210e+05 3.22500e+00 2.97500e+00
4.02288e+05 3.22500e+00 2.62500e+00
4.02299e+05 3.22500e+00 2.62500e+00
4.02301e+05 4.90000e+00 2.62500e+00
4.02302e+05 4.77500e+00 2.80000e+00
4.02303e+05 4.90000e+00 2.97500e+00
4.02304e+05 5.02500e+00 2.80000e+00
4.02305e+05 4.77500e+00 2.62500e+00
4.02306e+05 4.77500e+00 2.62500e+00
4.02307e+05 4.77500e+00 2.97500e+00
4.02308e+05 4.77500e+00 2.97500e+00
4.02309e+05 5.02500e+00 2.97500e+00
4.02310e+05 5.02500e+00 2.97500e+00
4.02388e+05 5.02500e+00 2.62500e+00
4.02399e+05 5.02500e+00 2.62500e+00
4.02401e+05 8.00000e+00 2.62500e+00
4.02402e+05 7.82500e+00 2.80000e+00
4.02403e+05 8.00000e+00 2.97500e+00
4.02404e+05 8.17500e+00 2.80000e+00
4.02405e+05 7.82500e+00 2.62500e+00
4.02406e+05 7.82500e+00 2.62500e+00
4.02407e+05 7.82500e+00 2.97500e+00
4.02408e+05 7.82500e+00 2.97500e+00
4.02409e+05 8.17500e+00 2.97500e+00
4.02410e+05 8.17500e+00 2.97500e+00
4.02488e+05 8.17500e+00 2.62500e+00
4.02499e+05 8.17500e+00 2.62500e+00
4.03101e+05 0.00000e+00 5.22500e+00
4.03102e+05 -1.75000e-01 5.40000e+00
4.03103e+05 0.00000e+00 5.57500e+00
4.03104e+05 1.75000e-01 5.40000e+00
4.03105e+05 -1.75000e-01 5.22500e+00
4.03106e+05 -1.75000e-01 5.22500e+00
4.03107e+05 -1.75000e-01 5.57500e+00
4.03108e+05 -1.75000e-01 5.57500e+00
4.03109e+05 1.75000e-01 5.57500e+00
4.03110e+05 1.75000e-01 5.57500e+00
4.03188e+05 1.75000e-01 5.22500e+00
4.03199e+05 1.75000e-01 5.22500e+00
4.03201e+05 3.10000e+00 5.22500e+00
4.03202e+05 2.97500e+00 5.40000e+00
4.03203e+05 3.10000e+00 5.57500e+00
4.03204e+05 3.22500e+00 5.40000e+00
4.03205e+05 2.97500e+00 5.22500e+00
4.03206e+05 2.97500e+00 5.22500e+00
4.03207e+05 2.97500e+00 5.57500e+00
4.03208e+05 2.97500e+00 5.57500e+00
4.03209e+05 3.22500e+00 5.57500e+00
4.03210e+05 3.22500e+00 5.57500e+00
4.03288e+05 3.22500e+00 5.22500e+00
4.03299e+05 3.22500e+00 5.22500e+00
4.03301e+05 4.90000e+00 5.22500e+00
4.03302e+05 4.77500e+00 5.40000e+00
4.03303e+05 4.90000e+00 5.57500e+00
4.03304e+05 5.02500e+00 5.40000e+00
4.03305e+05 4.77500e+00 5.22500e+00
4.03306e+05 4.77500e+00 5.22500e+00
4.03307e+05 4.77500e+00 5.57500e+00
4.03308e+05 4.77500e+00 5.57500e+00
4.03309e+05 5.02500e+00 5.57500e+00
4.03310e+05 5.02500e+00 5.57500e+00
4.03388e+05 5.02500e+00 5.22500e+00
4.03399e+05 5.02500e+00 5.22500e+00
4.03401e+05 8.00000e+00 5.22500e+00
4.03402e+05 7.82500e+00 5.40000e+00
4.03403e+05 8.00000e+00 5.57500e+00
4.03404e+05 8.17500e+00 5.40000e+00
4.03405e+05 7.82500e+00 5.22500e+00
4.03406e+05 7.82500e+00 5.22500e+00
4.03407e+05 7.82500e+00 5.57500e+00
4.03408e+05 7.82500e+00 5.57500e+00
4.03409e+05 8.17500e+00 5.57500e+00
4.03410e+05 8.17500e+00 5.57500e+00
4.03488e+05 8.17500e+00 5.22500e+00
4.03499e+05 8.17500e+00 5.22500e+00
4.04101e+05 0.00000e+00 7.82500e+00
4.04102e+05 -1.75000e-01 8.00000e+00
4.04103e+05 0.00000e+00 8.17500e+00
4.04104e+05 1.75000e-01 8.00000e+00
4.04105e+05 -1.75000e-01 7.82500e+00
4.04106e+05 -1.75000e-01 7.82500e+00
4.04107e+05 -1.75000e-01 8.17500e+00
4.04108e+05 -1.75000e-01 8.17500e+00
4.04109e+05 1.75000e-01 8.17500e+00
4.04110e+05 1.75000e-01 8.17500e+00
4.04188e+05 1.75000e-01 7.82500e+00
4.04199e+05 1.75000e-01 7.82500e+00
4.04201e+05 3.10000e+00 7.82500e+00
4.04202e+05 2.97500e+00 8.00000e+00
4.04203e+05 3.10000e+00 8.17500e+00
4.04204e+05 3.22500e+00 8.00000e+00
4.04205e+05 2.97500e+00 7.82500e+00
4.04206e+05 2.97500e+00 7.82500e+00
4.04207e+05 2.97500e+00 8.17500e+00
4.04208e+05 2.97500e+00 8.17500e+00
4.04209e+05 3.22500e+00 8.17500e+00
4.04210e+05 3.22500e+00 8.17500e+00
4.04288e+05 3.22500e+00 7.82500e+00
4.04299e+05 3.22500e+00 7.82500e+00
4.04301e+05 4.90000e+00 7.82500e+00
4.04302e+05 4.77500e+00 8.00000e+00
4.04303e+05 4.90000e+00 8.17500e+00
4.04304e+05 5.02500e+00 8.00000e+00
4.04305e+05 4.77500e+00 7.82500e+00
4.04306e+05 4.77500e+00 7.82500e+00
4.04307e+05 4.77500e+00 8.17500e+00
4.04308e+05 4.77500e+00 8.17500e+00
4.04309e+05 5.02500e+00 8.17500e+00
4.04310e+05 5.02500e+00 8.17500e+00
4.04388e+05 5.02500e+00 7.82500e+00
4.04399e+05 5.02500e+00 7.82500e+00
4.04401e+05 8.00000e+00 7.82500e+00
4.04402e+05 7.82500e+00 8.00000e+00
4.04403e+05 8.00000e+00 8.17500e+00
4.04404e+05 8.17500e+00 8.00000e+00
4.04405e+05 7.82500e+00 7.82500e+00
4.04406e+05 7.82500e+00 7.82500e+00
4.04407e+05 7.82500e+00 8.17500e+00
4.04408e+05 7.82500e+00 8.17500e+00
4.04409e+05 8.17500e+00 8.17500e+00
4.04410e+05 8.17500e+00 8.17500e+00
4.04488e+05 8.17500e+00 7.82500e+00
4.04499e+05 8.17500e+00 7.82500e+00
4.05101e+05 0.00000e+00 1.04250e+01
4.05102e+05 -1.75000e-01 1.06000e+01
4.05103e+05 0.00000e+00 1.07750e+01
4.05104e+05 1.75000e-01 1.06000e+01
4.05105e+05 -1.75000e-01 1.04250e+01
4.05106e+05 -1.75000e-01 1.04250e+01
4.05107e+05 -1.75000e-01 1.07750e+01
4.05108e+05 -1.75000e-01 1.07750e+01
4.05109e+05 1.75000e-01 1.07750e+01
4.05110e+05 1.75000e-01 1.07750e+01
4.05188e+05 1.75000e-01 1.04250e+01
4.05199e+05 1.75000e-01 1.04250e+01
4.05201e+05 3.10000e+00 1.04250e+01
4.05202e+05 2.97500e+00 1.06000e+01
4.05203e+05 3.10000e+00 1.07750e+01
4.05204e+05 3.22500e+00 1.06000e+01
4.05205e+05 2.97500e+00 1.04250e+01
4.05206e+05 2.97500e+00 1.04250e+01
4.05207e+05 2.97500e+00 1.07750e+01
4.05208e+05 2.97500e+00 1.07750e+01
4.05209e+05 3.22500e+00 1.07750e+01
4.05210e+05 3.22500e+00 1.07750e+01
4.05288e+05 3.22500e+00 1.04250e+01
4.05299e+05 3.22500e+00 1.04250e+01
4.05301e+05 4.90000e+00 1.04250e+01
4.05302e+05 4.77500e+00 1.06000e+01
4.05303e+05 4.90000e+00 1.07750e+01
4.05304e+05 5.02500e+00 1.06000e+01
4.05305e+05 4.77500e+00 1.04250e+01
4.05306e+05 4.77500e+00 1.04250e+01
4.05307e+05 4.77500e+00 1.07750e+01
4.05308e+05 4.77500e+00 1.07750e+01
4.05309e+05 5.02500e+00 1.07750e+01
4.05310e+05 5.02500e+00 1.07750e+01
4.05388e+05 5.02500e+00 1.04250e+01
4.05399e+05 5.02500e+00 1.04250e+01
4.05401e+05 8.00000e+00 1.04250e+01
4.05402e+05 7.82500e+00 1.06000e+01
4.05403e+05 8.00000e+00 1.07750e+01
4.05404e+05 8.17500e+00 1.06000e+01
4.05405e+05 7.82500e+00 1.04250e+01
4.05406e+05 7.82500e+00 1.04250e+01
4.05407e+05 7.82500e+00 1.07750e+01
4.05408e+05 7.82500e+00 1.07750e+01
4.05409e+05 8.17500e+00 1.07750e+01
4.05410e+05 8.17500e+00 1.07750e+01
4.05488e+05 8.17500e+00 1.04250e+01
4.05499e+05 8.17500e+00 1.04250e+01
4.06101e+05 0.00000e+00 1.29750e+01
4.06102e+05 -1.75000e-01 1.31500e+01
4.06103e+05 0.00000e+00 1.33250e+01
4.06104e+05 1.75000e-01 1.31500e+01
4.06105e+05 -1.75000e-01 1.29750e+01
4.06106e+05 -1.75000e-01 1.29750e+01
4.06107e+05 -1.75000e-01 1.33250e+01
4.06108e+05 -1.75000e-01 1.33250e+01
4.06109e+05 1.75000e-01 1.33250e+01
4.06110e+05 1.75000e-01 1.33250e+01
4.06188e+05 1.75000e-01 1.29750e+01
4.06199e+05 1.75000e-01 1.29750e+01
4.06201e+05 3.10000e+00 1.29750e+01
4.06202e+05 2.97500e+00 1.31500e+01
4.06203e+05 3.10000e+00 1.33250e+01
4.06204e+05 3.22500e+00 1.31500e+01
4.06205e+05 2.97500e+00 1.29750e+01
4.06206e+05 2.97500e+00 1.29750e+01
4.06207e+05 2.97500e+00 1.33250e+01
4.06208e+05 2.97500e+00 1.33250e+01
4.06209e+05 3.22500e+00 1.33250e+01
4.06210e+05 3.22500e+00 1.33250e+01
4.06288e+05 3.22500e+00 1.29750e+01
4.06299e+05 3.22500e+00 1.29750e+01
4.06301e+05 4.90000e+00 1.29750e+01
4.06302e+05 4.77500e+00 1.31500e+01
4.06303e+05 4.90000e+00 1.33250e+01
4.06304e+05 5.02500e+00 1.31500e+01
4.06305e+05 4.77500e+00 1.29750e+01
4.06306e+05 4.77500e+00 1.29750e+01
4.06307e+05 4.77500e+00 1.33250e+01
4.06308e+05 4.77500e+00 1.33250e+01
4.06309e+05 5.02500e+00 1.33250e+01
4.06310e+05 5.02500e+00 1.33250e+01
4.06388e+05 5.02500e+00 1.29750e+01
4.06399e+05 5.02500e+00 1.29750e+01
4.06401e+05 8.00000e+00 1.29750e+01
4.06402e+05 7.82500e+00 1.31500e+01
4.06403e+05 8.00000e+00 1.33250e+01
4.06404e+05 8.17500e+00 1.31500e+01
4.06405e+05 7.82500e+00 1.29750e+01
4.06406e+05 7.82500e+00 1.29750e+01
4.06407e+05 7.82500e+00 1.33250e+01
4.06408e+05 7.82500e+00 1.33250e+01
4.06409e+05 8.17500e+00 1.33250e+01
4.06410e+05 8.17500e+00 1.33250e+01
4.06488e+05 8.17500e+00 1.29750e+01
4.06499e+05 8.17500e+00 1.29750e+01
4.07101e+05 0.00000e+00 1.55250e+01
4.07102e+05 -1.75000e-01 1.57000e+01
4.07103e+05 0.00000e+00 1.58750e+01
4.07104e+05 1.75000e-01 1.57000e+01
4.07105e+05 -1.75000e-01 1.55250e+01
4.07106e+05 -1.75000e-01 1.55250e+01
4.07107e+05 -1.75000e-01 1.58750e+01
4.07108e+05 -1.75000e-01 1.58750e+01
4.07109e+05 1.75000e-01 1.58750e+01
4.07110e+05 1.75000e-01 1.58750e+01
4.07188e+05 1.75000e-01 1.55250e+01
4.07199e+05 1.75000e-01 1.55250e+01
4.07201e+05 3.10000e+00 1.55250e+01
4.07202e+05 2.97500e+00 1.57000e+01
4.07203e+05 3.10000e+00 1.58750e+01
4.07204e+05 3.22500e+00 1.57000e+01
4.07205e+05 2.97500e+00 1.55250e+01
4.07206e+05 2.97500e+00 1.55250e+01
4.07207e+05 2.97500e+00 1.58750e+01
4.07208e+05 2.97500e+00 1.58750e+01
4.07209e+05 3.22500e+00 1.58750e+01
4.07210e+05 3.22500e+00 1.58750e+01
4.07288e+05 3.22500e+00 1.55250e+01
4.07299e+05 3.22500e+00 1.55250e+01
4.07301e+05 4.90000e+00 1.55250e+01
4.07302e+05 4.77500e+00 1.57000e+01
4.07303e+05 4.90000e+00 1.58750e+01
4.07304e+05 5.02500e+00 1.57000e+01
4.07305e+05 4.77500e+00 1.55250e+01
4.07306e+05 4.77500e+00 1.55250e+01
4.07307e+05 4.77500e+00 1.58750e+01
4.07308e+05 4.77500e+00 1.58750e+01
4.07309e+05 5.02500e+00 1.58750e+01
4.07310e+05 5.02500e+00 1.58750e+01
4.07388e+05 5.02500e+00 1.55250e+01
4.07399e+05 5.02500e+00 1.55250e+01
4.07401e+05 8.00000e+00 1.55250e+01
4.07402e+05 7.82500e+00 1.57000e+01
4.07403e+05 8.00000e+00 1.58750e+01
4.07404e+05 8.17500e+00 1.57000e+01
4.07405e+05 7.82500e+00 1.55250e+01
4.07406e+05 7.82500e+00 1.55250e+01
4.07407e+05 7.82500e+00 1.58750e+01
4.07408e+05 7.82500e+00 1.58750e+01
4.07409e+05 8.17500e+00 1.58750e+01
4.07410e+05 8.17500e+00 1.58750e+01
4.07488e+05 8.17500e+00 1.55250e+01
4.07499e+05 8.17500e+00 1.55250e+01
4.08101e+05 0.00000e+00 1.80750e+01
4.08102e+05 -1.75000e-01 1.82500e+01
4.08103e+05 0.00000e+00 1.84250e+01
4.08104e+05 1.75000e-01 1.82500e+01
4.08105e+05 -1.75000e-01 1.80750e+01
4.08106e+05 -1.75000e-01 1.80750e+01
4.08107e+05 -1.75000e-01 1.84250e+01
4.08108e+05 -1.75000e-01 1.84250e+01
4.08109e+05 1.75000e-01 1.84250e+01
4.08110e+05 1.75000e-01 1.84250e+01
4.08188e+05 1.75000e-01 1.80750e+01
4.08199e+05 1.75000e-01 1.80750e+01
4.08201e+05 3.10000e+00 1.80750e+01
4.08202e+05 2.97500e+00 1.82500e+01
4.08203e+05 3.10000e+00 1.84250e+01
4.08204e+05 3.22500e+00 1.82500e+01
4.08205e+05 2.97500e+00 1.80750e+01
4.08206e+05 2.97500e+00 1.80750e+01
4.08207e+05 2.97500e+00 1.84250e+01
4.08208e+05 2.97500e+00 1.84250e+01
4.08209e+05 3.22500e+00 1.84250e+01
4.08210e+05 3.22500e+00 1.84250e+01
4.08288e+05 3.22500e+00 1.80750e+01
4.08299e+05 3.22500e+00 1.80750e+01
4.08301e+05 4.90000e+00 1.80750e+01
4.08302e+05 4.77500e+00 1.82500e+01
4.08303e+05 4.90000e+00 1.84250e+01
4.08304e+05 5.02500e+00 1.82500e+01
4.08305e+05 4.77500e+00 1.80750e+01
4.08306e+05 4.77500e+00 1.80750e+01
4.08307e+05 4.77500e+00 1.84250e+01
4.08308e+05 4.77500e+00 1.84250e+01
4.08309e+05 5.02500e+00 1.84250e+01
4.08310e+05 5.02500e+00 1.84250e+01
4.08388e+05 5.02500e+00 1.80750e+01
4.08399e+05 5.02500e+00 1.80750e+01
4.08401e+05 8.00000e+00 1.80750e+01
4.08402e+05 7.82500e+00 1.82500e+01
4.08403e+05 8.00000e+00 1.84250e+01
4.08404e+05 8.17500e+00 1.82500e+01
4.08405e+05 7.82500e+00 1.80750e+01
4.08406e+05 7.82500e+00 1.80750e+01
4.08407e+05 7.82500e+00 1.84250e+01
4.08408e+05 7.82500e+00 1.84250e+01
4.08409e+05 8.17500e+00 1.84250e+01
4.08410e+05 8.17500e+00 1.84250e+01
4.08488e+05 8.17500e+00 1.80750e+01
4.08499e+05 8.17500e+00 1.80750e+01
4.09101e+05 0.00000e+00 2.05750e+01
4.09102e+05 -1.75000e-01 2.07500e+01
4.09103e+05 0.00000e+00 2.09250e+01
4.09104e+05 1.75000e-01 2.07500e+01
4.09105e+05 -1.75000e-01 2.05750e+01
4.09106e+05 -1.75000e-01 2.05750e+01
4.09107e+05 -1.75000e-01 2.09250e+01
4.09108e+05 -1.75000e-01 2.09250e+01
4.09109e+05 1.75000e-01 2.09250e+01
4.09110e+05 1.75000e-01 2.09250e+01
4.09188e+05 1.75000e-01 2.05750e+01
4.09199e+05 1.75000e-01 2.05750e+01
4.09201e+05 3.10000e+00 2.05750e+01
4.09202e+05 2.97500e+00 2.07500e+01
4.09203e+05 3.10000e+00 2.09250e+01
4.09204e+05 3.22500e+00 2.07500e+01
4.09205e+05 2.97500e+00 2.05750e+01
4.09206e+05 2.97500e+00 2.05750e+01
4.09207e+05 2.97500e+00 2.09250e+01
4.09208e+05 2.97500e+00 2.09250e+01
4.09209e+05 3.22500e+00 2.09250e+01
4.09210e+05 3.22500e+00 2.09250e+01
4.09288e+05 3.22500e+00 2.05750e+01
4.09299e+05 3.22500e+00 2.05750e+01
4.09301e+05 4.90000e+00 2.05750e+01
4.09302e+05 4.77500e+00 2.07500e+01
4.09303e+05 4.90000e+00 2.09250e+01
4.09304e+05 5.02500e+00 2.07500e+01
4.09305e+05 4.77500e+00 2.05750e+01
4.09306e+05 4.77500e+00 2.05750e+01
4.09307e+05 4.77500e+00 2.09250e+01
4.09308e+05 4.77500e+00 2.09250e+01
4.09309e+05 5.02500e+00 2.09250e+01
4.09310e+05 5.02500e+00 2.09250e+01
4.09388e+05 5.02500e+00 2.05750e+01
4.09399e+05 5.02500e+00 2.05750e+01
4.09401e+05 8.00000e+00 2.05750e+01
4.09402e+05 7.82500e+00 2.07500e+01
4.09403e+05 8.00000e+00 2.09250e+01
4.09404e+05 8.17500e+00 2.07500e+01
4.09405e+05 7.82500e+00 2.05750e+01
4.09406e+05 7.82500e+00 2.05750e+01
4.09407e+05 7.82500e+00 2.09250e+01
4.09408e+05 7.82500e+00 2.09250e+01
4.09409e+05 8.17500e+00 2.09250e+01
4.09410e+05 8.17500e+00 2.09250e+01
4.09488e+05 8.17500e+00 2.05750e+01
4.09499e+05 8.17500e+00 2.05750e+01
4.10101e+05 0.00000e+00 2.30770e+01
4.10102e+05 -1.75000e-01 2.32500e+01
4.10103e+05 0.00000e+00 2.34230e+01
4.10104e+05 1.75000e-01 2.32500e+01
4.10105e+05 -1.75000e-01 2.30770e+01
4.10106e+05 -1.75000e-01 2.30770e+01
4.10107e+05 -1.75000e-01 2.34230e+01
4.10108e+05 -1.75000e-01 2.34230e+01
4.10109e+05 1.75000e-01 2.34230e+01
4.10110e+05 1.75000e-01 2.34230e+01
4.10188e+05 1.75000e-01 2.30770e+01
4.10199e+05 1.75000e-01 2.30770e+01
4.10201e+05 3.10000e+00 2.30770e+01
4.10202e+05 2.97500e+00 2.32500e+01
4.10203e+05 3.10000e+00 2.34230e+01
4.10204e+05 3.22500e+00 2.32500e+01
4.10205e+05 2.97500e+00 2.30770e+01
4.10206e+05 2.97500e+00 2.30770e+01
4.10207e+05 2.97500e+00 2.34230e+01
4.10208e+05 2.97500e+00 2.34230e+01
4.10209e+05 3.22500e+00 2.34230e+01
4.10210e+05 3.22500e+00 2.34230e+01
4.10288e+05 3.22500e+00 2.30770e+01
4.10299e+05 3.22500e+00 2.30770e+01
4.10301e+05 4.90000e+00 2.30770e+01
4.10302e+05 4.77500e+00 2.32500e+01
4.10303e+05 4.90000e+00 2.34230e+01
4.10304e+05 5.02500e+00 2.32500e+01
4.10305e+05 4.77500e+00 2.30770e+01
4.10306e+05 4.77500e+00 2.30770e+01
4.10307e+05 4.77500e+00 2.34230e+01
4.10308e+05 4.77500e+00 2.34230e+01
4.10309e+05 5.02500e+00 2.34230e+01
4.10310e+05 5.02500e+00 2.34230e+01
4.10388e+05 5.02500e+00 2.30770e+01
4.10399e+05 5.02500e+00 2.30770e+01
4.10401e+05 8.00000e+00 2.30770e+01
4.10402e+05 7.82500e+00 2.32500e+01
4.10403e+05 8.00000e+00 2.34230e+01
4.10404e+05 8.17500e+00 2.32500e+01
4.10405e+05 7.82500e+00 2.30770e+01
4.10406e+05 7.82500e+00 2.30770e+01
4.10407e+05 7.82500e+00 2.34230e+01
4.10408e+05 7.82500e+00 2.34230e+01
4.10409e+05 8.17500e+00 2.34230e+01
4.10410e+05 8.17500e+00 2.34230e+01
4.10488e+05 8.17500e+00 2.30770e+01
4.10499e+05 8.17500e+00 2.30770e+01
4.11101e+05 0.00000e+00 2.55770e+01
4.11102e+05 -1.75000e-01 2.57500e+01
4.11103e+05 0.00000e+00 2.59230e+01
4.11104e+05 1.75000e-01 2.57500e+01
4.11105e+05 -1.75000e-01 2.55770e+01
4.11106e+05 -1.75000e-01 2.55770e+01
4.11107e+05 -1.75000e-01 2.59230e+01
4.11108e+05 -1.75000e-01 2.59230e+01
4.11109e+05 1.75000e-01 2.59230e+01
4.11110e+05 1.75000e-01 2.59230e+01
4.11188e+05 1.75000e-01 2.55770e+01
4.11199e+05 1.75000e-01 2.55770e+01
4.11201e+05 3.10000e+00 2.55770e+01
4.11202e+05 2.97500e+00 2.57500e+01
4.11203e+05 3.10000e+00 2.59230e+01
4.11204e+05 3.22500e+00 2.57500e+01
4.11205e+05 2.97500e+00 2.55770e+01
4.11206e+05 2.97500e+00 2.55770e+01
4.11207e+05 2.97500e+00 2.59230e+01
4.11208e+05 2.97500e+00 2.59230e+01
4.11209e+05 3.22500e+00 2.59230e+01
4.11210e+05 3.22500e+00 2.59230e+01
4.11288e+05 3.22500e+00 2.55770e+01
4.11299e+05 3.22500e+00 2.55770e+01
4.11301e+05 4.90000e+00 2.55770e+01
4.11302e+05 4.77500e+00 2.57500e+01
4.11303e+05 4.90000e+00 2.59230e+01
4.11304e+05 5.02500e+00 2.57500e+01
4.11305e+05 4.77500e+00 2.55770e+01
4.11306e+05 4.77500e+00 2.55770e+01
4.11307e+05 4.77500e+00 2.59230e+01
4.11308e+05 4.77500e+00 2.59230e+01
4.11309e+05 5.02500e+00 2.59230e+01
4.11310e+05 5.02500e+00 2.59230e+01
4.11388e+05 5.02500e+00 2.55770e+01
4.11399e+05 5.02500e+00 2.55770e+01
4.11401e+05 8.00000e+00 2.55770e+01
4.11402e+05 7.82500e+00 2.57500e+01
4.11403e+05 8.00000e+00 2.59230e+01
4.11404e+05 8.17500e+00 2.57500e+01
4.11405e+05 7.82500e+00 2.55770e+01
4.11406e+05 7.82500e+00 2.55770e+01
4.11407e+05 7.82500e+00 2.59230e+01
4.11408e+05 7.82500e+00 2.59230e+01
4.11409e+05 8.17500e+00 2.59230e+01
4.11410e+05 8.17500e+00 2.59230e+01
4.11488e+05 8.17500e+00 2.55770e+01
4.11499e+05 8.17500e+00 2.55770e+01
